#! /opt/homebrew/Cellar/icarus-verilog/13.0/bin/vvp
:ivl_version "13.0 (stable)" "(v13_0)";
:ivl_delay_selection "TYPICAL";
:vpi_time_precision - 12;
:vpi_module "/opt/homebrew/Cellar/icarus-verilog/13.0/lib/ivl/system.vpi";
:vpi_module "/opt/homebrew/Cellar/icarus-verilog/13.0/lib/ivl/vhdl_sys.vpi";
:vpi_module "/opt/homebrew/Cellar/icarus-verilog/13.0/lib/ivl/vhdl_textio.vpi";
:vpi_module "/opt/homebrew/Cellar/icarus-verilog/13.0/lib/ivl/v2005_math.vpi";
:vpi_module "/opt/homebrew/Cellar/icarus-verilog/13.0/lib/ivl/va_math.vpi";
:vpi_module "/opt/homebrew/Cellar/icarus-verilog/13.0/lib/ivl/v2009.vpi";
S_0x10499bca0 .scope package, "$unit" "$unit" 2 1;
 .timescale 0 0;
S_0x10499be20 .scope module, "stage_tb" "stage_tb" 3 3;
 .timescale -9 -12;
P_0xb60c68b40 .param/l "IN_WIDTH" 0 3 9, +C4<00000000000000000000000000100000>;
P_0xb60c68b80 .param/real "SCALE" 1 3 14, Cr<m4000000000000000gfd1>; value=32768.0
P_0xb60c68bc0 .param/l "STAGE" 0 3 11, +C4<00000000000000000000000000000010>;
P_0xb60c68c00 .param/l "TWIDDLE_WIDTH" 0 3 10, +C4<00000000000000000000000000010000>;
P_0xb60c68c40 .param/l "WIDTH" 0 3 8, +C4<00000000000000000000000000010000>;
v0xb610ac000_0 .var "clk", 0 0;
v0xb610ac0a0_0 .var/i "i", 31 0;
v0xb610ac140_0 .var/s "in_imag", 31 0;
v0xb610ac1e0_0 .var/s "in_real", 31 0;
v0xb610ac280_0 .net/s "out_imag", 31 0, L_0xb610b0c80;  1 drivers
v0xb610ac320_0 .net/s "out_real", 31 0, L_0xb610b0960;  1 drivers
v0xb610ac3c0_0 .var "rst_n", 0 0;
v0xb610ac460_0 .var "sample_count", 3 0;
S_0x104995c20 .scope module, "dut" "stage" 3 39, 4 6 0, S_0x10499be20;
 .timescale -9 -12;
    .port_info 0 /INPUT 1 "clk";
    .port_info 1 /INPUT 1 "rst_n";
    .port_info 2 /INPUT 32 "in_real";
    .port_info 3 /INPUT 32 "in_imag";
    .port_info 4 /INPUT 4 "sample_count";
    .port_info 5 /OUTPUT 32 "out_real";
    .port_info 6 /OUTPUT 32 "out_imag";
P_0x104995da0 .param/l "DATA_WIDTH" 1 4 23, +C4<00000000000000000000000000100000>;
P_0x104995de0 .param/l "DELAY" 1 4 24, +C4<0000000000000000000000000000000100>;
P_0x104995e20 .param/l "IN_WIDTH" 0 4 8, +C4<00000000000000000000000000100000>;
P_0x104995e60 .param/l "SIZE" 1 4 22, +C4<00000000000000000000000000000100>;
P_0x104995ea0 .param/l "STAGE" 0 4 10, +C4<00000000000000000000000000000010>;
P_0x104995ee0 .param/l "TWIDDLE_WIDTH" 0 4 9, +C4<00000000000000000000000000010000>;
P_0x104995f20 .param/l "WIDTH" 0 4 7, +C4<00000000000000000000000000010000>;
L_0xb60c60af0 .functor OR 1, L_0xb61061f40, v0xb610aaee0_0, C4<0>, C4<0>;
L_0xb60c60b60 .functor OR 1, L_0xb61062120, v0xb610aaee0_0, C4<0>, C4<0>;
v0xb610a8c80_0 .net *"_ivl_101", 0 0, L_0xb610b0a00;  1 drivers
v0xb610a8d20_0 .net *"_ivl_103", 14 0, L_0xb610b0aa0;  1 drivers
v0xb610a8dc0_0 .net *"_ivl_104", 47 0, L_0xb60c54e60;  1 drivers
v0xb610a8e60_0 .net *"_ivl_107", 0 0, L_0xb610b0b40;  1 drivers
v0xb610a8f00_0 .net *"_ivl_109", 14 0, L_0xb610b0be0;  1 drivers
v0xb610a8fa0_0 .net *"_ivl_110", 47 0, L_0xb60c54f00;  1 drivers
v0xb610a9040_0 .net *"_ivl_112", 47 0, L_0xb610621c0;  1 drivers
v0xb610a90e0_0 .net *"_ivl_114", 47 0, L_0xb61062260;  1 drivers
v0xb610a9180_0 .net *"_ivl_20", 3 0, L_0xb60c54b40;  1 drivers
v0xb610a9220_0 .net *"_ivl_22", 2 0, L_0xb610b0460;  1 drivers
L_0xb60864058 .functor BUFT 1, C4<0>, C4<0>, C4<0>, C4<0>;
v0xb610a92c0_0 .net *"_ivl_24", 0 0, L_0xb60864058;  1 drivers
v0xb610a9360_0 .net *"_ivl_29", 0 0, L_0xb61061a40;  1 drivers
v0xb610a9400_0 .net *"_ivl_3", 0 0, L_0xb610b0000;  1 drivers
L_0xb608640a0 .functor BUFT 1, C4<000000000000000000000000000000000>, C4<0>, C4<0>, C4<0>;
v0xb610a94a0_0 .net/2u *"_ivl_30", 32 0, L_0xb608640a0;  1 drivers
v0xb610a9540_0 .net *"_ivl_33", 32 0, L_0xb60c54be0;  1 drivers
L_0xb608640e8 .functor BUFT 1, C4<0>, C4<0>, C4<0>, C4<0>;
v0xb610a95e0_0 .net *"_ivl_36", 0 0, L_0xb608640e8;  1 drivers
v0xb610a9680_0 .net *"_ivl_38", 32 0, L_0xb61061ae0;  1 drivers
v0xb610a9720_0 .net *"_ivl_40", 32 0, L_0xb61061b80;  1 drivers
v0xb610a97c0_0 .net *"_ivl_45", 0 0, L_0xb61061c20;  1 drivers
L_0xb60864130 .functor BUFT 1, C4<000000000000000000000000000000000>, C4<0>, C4<0>, C4<0>;
v0xb610a9860_0 .net/2u *"_ivl_46", 32 0, L_0xb60864130;  1 drivers
v0xb610a9900_0 .net *"_ivl_49", 32 0, L_0xb60c54c80;  1 drivers
L_0xb60864178 .functor BUFT 1, C4<0>, C4<0>, C4<0>, C4<0>;
v0xb610a99a0_0 .net *"_ivl_52", 0 0, L_0xb60864178;  1 drivers
v0xb610a9a40_0 .net *"_ivl_54", 32 0, L_0xb61061cc0;  1 drivers
v0xb610a9ae0_0 .net *"_ivl_56", 32 0, L_0xb61061d60;  1 drivers
L_0xb608641c0 .functor BUFT 1, C4<000000000000000000000000000000000>, C4<0>, C4<0>, C4<0>;
v0xb610a9b80_0 .net/2u *"_ivl_61", 32 0, L_0xb608641c0;  1 drivers
L_0xb60864208 .functor BUFT 1, C4<000000000000000000000000000000000>, C4<0>, C4<0>, C4<0>;
v0xb610a9c20_0 .net/2u *"_ivl_66", 32 0, L_0xb60864208;  1 drivers
v0xb610a9cc0_0 .net *"_ivl_7", 0 0, L_0xb610b00a0;  1 drivers
v0xb610a9d60_0 .net *"_ivl_71", 0 0, L_0xb61061f40;  1 drivers
v0xb610a9e00_0 .net *"_ivl_72", 0 0, L_0xb60c60af0;  1 drivers
L_0xb60864250 .functor BUFT 1, C4<000000000000000000000000000000000000000000000000>, C4<0>, C4<0>, C4<0>;
v0xb610a9ea0_0 .net/2u *"_ivl_74", 47 0, L_0xb60864250;  1 drivers
v0xb610a9f40_0 .net *"_ivl_77", 0 0, L_0xb610b06e0;  1 drivers
v0xb610a9fe0_0 .net *"_ivl_79", 14 0, L_0xb610b0780;  1 drivers
v0xb610aa080_0 .net *"_ivl_80", 47 0, L_0xb60c54d20;  1 drivers
v0xb610aa120_0 .net *"_ivl_83", 0 0, L_0xb610b0820;  1 drivers
v0xb610aa1c0_0 .net *"_ivl_85", 14 0, L_0xb610b08c0;  1 drivers
v0xb610aa260_0 .net *"_ivl_86", 47 0, L_0xb60c54dc0;  1 drivers
v0xb610aa300_0 .net *"_ivl_88", 47 0, L_0xb61061fe0;  1 drivers
v0xb610aa3a0_0 .net *"_ivl_90", 47 0, L_0xb61062080;  1 drivers
v0xb610aa440_0 .net *"_ivl_95", 0 0, L_0xb61062120;  1 drivers
v0xb610aa4e0_0 .net *"_ivl_96", 0 0, L_0xb60c60b60;  1 drivers
L_0xb60864298 .functor BUFT 1, C4<000000000000000000000000000000000000000000000000>, C4<0>, C4<0>, C4<0>;
v0xb610aa580_0 .net/2u *"_ivl_98", 47 0, L_0xb60864298;  1 drivers
v0xb610aa620_0 .net/s "added_imag", 32 0, L_0xb610b01e0;  1 drivers
v0xb610aa6c0_0 .var/s "added_imag_d1", 32 0;
v0xb610aa760_0 .var/s "added_imag_d2", 32 0;
v0xb610aa800_0 .net/s "added_real", 32 0, L_0xb610b0140;  1 drivers
v0xb610aa8a0_0 .var/s "added_real_d1", 32 0;
v0xb610aa940_0 .var/s "added_real_d2", 32 0;
v0xb610aa9e0_0 .net "angle_idx", 2 0, L_0xb610b0500;  1 drivers
v0xb610aaa80_0 .var "buff_out_valid", 0 0;
v0xb610aab20_0 .net "clk", 0 0, v0xb610ac000_0;  1 drivers
v0xb610aabc0_0 .net/s "delay_in_imag", 31 0, L_0xb610b0640;  1 drivers
v0xb610aac60_0 .net/s "delay_in_real", 31 0, L_0xb610b05a0;  1 drivers
v0xb610aad00_0 .net/s "delayed_imag", 32 0, L_0xb61061ea0;  1 drivers
v0xb610aada0_0 .net/s "delayed_real", 32 0, L_0xb61061e00;  1 drivers
L_0xb60864010 .functor BUFT 1, C4<1>, C4<0>, C4<0>, C4<0>;
v0xb610aae40_0 .net "done", 0 0, L_0xb60864010;  1 drivers
v0xb610aaee0_0 .var "flag", 0 0;
v0xb610aaf80_0 .net/s "in_imag", 31 0, v0xb610ac140_0;  1 drivers
v0xb610ab020_0 .net/s "in_imag_ext", 32 0, L_0xb60c54aa0;  1 drivers
v0xb610ab0c0_0 .net/s "in_real", 31 0, v0xb610ac1e0_0;  1 drivers
v0xb610ab160_0 .net/s "in_real_ext", 32 0, L_0xb60c54a00;  1 drivers
v0xb610ab200_0 .var "init_cnt", 3 0;
v0xb610ab2a0_0 .net/s "multiplied_imag", 31 0, v0xb610a80a0_0;  1 drivers
v0xb610ab340_0 .net/s "multiplied_real", 31 0, v0xb610a8140_0;  1 drivers
v0xb610ab3e0_0 .net/s "out_imag", 31 0, L_0xb610b0c80;  alias, 1 drivers
v0xb610ab480_0 .net/s "out_real", 31 0, L_0xb610b0960;  alias, 1 drivers
v0xb610ab520_0 .net/s "raw_added_imag", 33 0, v0xb6107a9e0_0;  1 drivers
v0xb610ab5c0_0 .net/s "raw_added_real", 33 0, v0xb6107aa80_0;  1 drivers
v0xb610ab660_0 .net/s "raw_delayed_imag", 32 0, L_0xb610513b0;  1 drivers
v0xb610ab700_0 .net/s "raw_delayed_real", 32 0, L_0xb61051340;  1 drivers
v0xb610ab7a0_0 .net/s "raw_sub_imag", 33 0, v0xb61079c20_0;  1 drivers
v0xb610ab840_0 .net/s "raw_sub_real", 33 0, v0xb61079cc0_0;  1 drivers
v0xb610ab8e0_0 .net "rst_n", 0 0, v0xb610ac3c0_0;  1 drivers
v0xb610ab980_0 .net "sample_count", 3 0, v0xb610ac460_0;  1 drivers
v0xb610aba20_0 .net/s "subtracted_imag", 32 0, L_0xb610b0320;  1 drivers
v0xb610abac0_0 .net/s "subtracted_real", 32 0, L_0xb610b0280;  1 drivers
v0xb610abb60_0 .net "switch", 0 0, L_0xb610b03c0;  1 drivers
v0xb610abc00_0 .var "switch_d1", 0 0;
v0xb610abca0_0 .var "switch_d2", 0 0;
v0xb610abd40_0 .var "switch_d3", 0 0;
v0xb610abde0_0 .var "switch_d4", 0 0;
v0xb610abe80_0 .net/s "twiddle_imag", 15 0, v0xb610a8b40_0;  1 drivers
v0xb610abf20_0 .net/s "twiddle_real", 15 0, v0xb610a8be0_0;  1 drivers
E_0xb60c02a80 .event posedge, v0xb610abde0_0;
L_0xb610b0000 .part v0xb610ac1e0_0, 31, 1;
L_0xb60c54a00 .concat [ 32 1 0 0], v0xb610ac1e0_0, L_0xb610b0000;
L_0xb610b00a0 .part v0xb610ac140_0, 31, 1;
L_0xb60c54aa0 .concat [ 32 1 0 0], v0xb610ac140_0, L_0xb610b00a0;
L_0xb610b0140 .part v0xb6107aa80_0, 0, 33;
L_0xb610b01e0 .part v0xb6107a9e0_0, 0, 33;
L_0xb610b0280 .part v0xb61079cc0_0, 0, 33;
L_0xb610b0320 .part v0xb61079c20_0, 0, 33;
L_0xb610b03c0 .part v0xb610ac460_0, 2, 1;
L_0xb610b0460 .part v0xb610ac460_0, 0, 3;
L_0xb60c54b40 .concat [ 1 3 0 0], L_0xb60864058, L_0xb610b0460;
L_0xb610b0500 .part L_0xb60c54b40, 0, 3;
L_0xb61061a40 .reduce/nor v0xb610ac3c0_0;
L_0xb60c54be0 .concat [ 32 1 0 0], v0xb610a8140_0, L_0xb608640e8;
L_0xb61061ae0 .functor MUXZ 33, L_0xb60c54a00, L_0xb60c54be0, v0xb610abde0_0, C4<>;
L_0xb61061b80 .functor MUXZ 33, L_0xb61061ae0, L_0xb608640a0, L_0xb61061a40, C4<>;
L_0xb610b05a0 .part L_0xb61061b80, 0, 32;
L_0xb61061c20 .reduce/nor v0xb610ac3c0_0;
L_0xb60c54c80 .concat [ 32 1 0 0], v0xb610a80a0_0, L_0xb60864178;
L_0xb61061cc0 .functor MUXZ 33, L_0xb60c54aa0, L_0xb60c54c80, v0xb610abde0_0, C4<>;
L_0xb61061d60 .functor MUXZ 33, L_0xb61061cc0, L_0xb60864130, L_0xb61061c20, C4<>;
L_0xb610b0640 .part L_0xb61061d60, 0, 32;
L_0xb61061e00 .functor MUXZ 33, L_0xb608641c0, L_0xb61051340, v0xb610aaa80_0, C4<>;
L_0xb61061ea0 .functor MUXZ 33, L_0xb60864208, L_0xb610513b0, v0xb610aaa80_0, C4<>;
L_0xb61061f40 .reduce/nor v0xb610ac3c0_0;
L_0xb610b06e0 .part v0xb610aa940_0, 16, 1;
L_0xb610b0780 .repeat 15, 15, L_0xb610b06e0;
L_0xb60c54d20 .concat [ 33 15 0 0], v0xb610aa940_0, L_0xb610b0780;
L_0xb610b0820 .part L_0xb61061e00, 16, 1;
L_0xb610b08c0 .repeat 15, 15, L_0xb610b0820;
L_0xb60c54dc0 .concat [ 33 15 0 0], L_0xb61061e00, L_0xb610b08c0;
L_0xb61061fe0 .functor MUXZ 48, L_0xb60c54dc0, L_0xb60c54d20, v0xb610abde0_0, C4<>;
L_0xb61062080 .functor MUXZ 48, L_0xb61061fe0, L_0xb60864250, L_0xb60c60af0, C4<>;
L_0xb610b0960 .part L_0xb61062080, 0, 32;
L_0xb61062120 .reduce/nor v0xb610ac3c0_0;
L_0xb610b0a00 .part v0xb610aa760_0, 16, 1;
L_0xb610b0aa0 .repeat 15, 15, L_0xb610b0a00;
L_0xb60c54e60 .concat [ 33 15 0 0], v0xb610aa760_0, L_0xb610b0aa0;
L_0xb610b0b40 .part L_0xb61061ea0, 16, 1;
L_0xb610b0be0 .repeat 15, 15, L_0xb610b0b40;
L_0xb60c54f00 .concat [ 33 15 0 0], L_0xb61061ea0, L_0xb610b0be0;
L_0xb610621c0 .functor MUXZ 48, L_0xb60c54f00, L_0xb60c54e60, v0xb610abde0_0, C4<>;
L_0xb61062260 .functor MUXZ 48, L_0xb610621c0, L_0xb60864298, L_0xb60c60b60, C4<>;
L_0xb610b0c80 .part L_0xb61062260, 0, 32;
L_0xb60c550e0 .extend/s 33, L_0xb610b05a0;
L_0xb60c55180 .extend/s 33, L_0xb610b0640;
L_0xb610b10e0 .part L_0xb610b0280, 0, 32;
L_0xb610b1180 .part L_0xb610b0320, 0, 32;
S_0x10498cb00 .scope module, "addsub_inst" "add_sub" 4 150, 5 1 0, S_0x104995c20;
 .timescale -9 -12;
    .port_info 0 /INPUT 1 "clk";
    .port_info 1 /INPUT 33 "in1_real";
    .port_info 2 /INPUT 33 "in1_imag";
    .port_info 3 /INPUT 33 "in2_real";
    .port_info 4 /INPUT 33 "in2_imag";
    .port_info 5 /OUTPUT 34 "out1_real";
    .port_info 6 /OUTPUT 34 "out1_imag";
    .port_info 7 /OUTPUT 34 "out2_real";
    .port_info 8 /OUTPUT 34 "out2_imag";
P_0xb61031e00 .param/l "DATA_WIDTH" 0 5 2, +C4<000000000000000000000000000100001>;
v0xb6107abc0_0 .var/s "a_imag", 32 0;
v0xb6107ac60_0 .var/s "a_real", 32 0;
v0xb6107ad00_0 .var/s "b_imag", 32 0;
v0xb6107ada0_0 .var/s "b_real", 32 0;
v0xb6107a3a0_0 .net "clk", 0 0, v0xb610ac000_0;  alias, 1 drivers
v0xb6107a4e0_0 .net/s "in1_imag", 32 0, L_0xb61061ea0;  alias, 1 drivers
v0xb6107a580_0 .net/s "in1_real", 32 0, L_0xb61061e00;  alias, 1 drivers
v0xb6107a620_0 .net/s "in2_imag", 32 0, L_0xb60c54aa0;  alias, 1 drivers
v0xb6107a940_0 .net/s "in2_real", 32 0, L_0xb60c54a00;  alias, 1 drivers
v0xb6107a9e0_0 .var/s "out1_imag", 33 0;
v0xb6107aa80_0 .var/s "out1_real", 33 0;
v0xb61079c20_0 .var/s "out2_imag", 33 0;
v0xb61079cc0_0 .var/s "out2_real", 33 0;
E_0xb60c02b00 .event posedge, v0xb6107a3a0_0;
S_0x10498cc80 .scope module, "buff_inst" "buffer" 4 140, 6 5 0, S_0x104995c20;
 .timescale -9 -12;
    .port_info 0 /INPUT 1 "clk";
    .port_info 1 /INPUT 1 "nrst";
    .port_info 2 /INPUT 33 "in_real";
    .port_info 3 /INPUT 33 "in_imag";
    .port_info 4 /OUTPUT 33 "delayed_real";
    .port_info 5 /OUTPUT 33 "delayed_imag";
P_0x10499dfb0 .param/l "DATA_WIDTH" 0 6 6, +C4<000000000000000000000000000100001>;
P_0x10499dff0 .param/l "DEPTH" 0 6 7, +C4<0000000000000000000000000000000100>;
P_0x10499e030 .param/l "PTR_LEN" 1 6 19, +C4<00000000000000000000000000000010>;
L_0xb61051340 .functor BUFZ 33, L_0xb610b0d20, C4<000000000000000000000000000000000>, C4<000000000000000000000000000000000>, C4<000000000000000000000000000000000>;
L_0xb610513b0 .functor BUFZ 33, L_0xb610b0dc0, C4<000000000000000000000000000000000>, C4<000000000000000000000000000000000>, C4<000000000000000000000000000000000>;
v0xb61079d60_0 .net *"_ivl_0", 32 0, L_0xb610b0d20;  1 drivers
v0xb6107a120_0 .net *"_ivl_10", 3 0, L_0xb60c55040;  1 drivers
L_0xb60864328 .functor BUFT 1, C4<00>, C4<0>, C4<0>, C4<0>;
v0xb6107a1c0_0 .net *"_ivl_13", 1 0, L_0xb60864328;  1 drivers
v0xb6107a260_0 .net *"_ivl_2", 3 0, L_0xb60c54fa0;  1 drivers
L_0xb608642e0 .functor BUFT 1, C4<00>, C4<0>, C4<0>, C4<0>;
v0xb6107a300_0 .net *"_ivl_5", 1 0, L_0xb608642e0;  1 drivers
v0xb61079ae0_0 .net *"_ivl_8", 32 0, L_0xb610b0dc0;  1 drivers
v0xb6107ae40_0 .net "clk", 0 0, v0xb610ac000_0;  alias, 1 drivers
v0xb6107aee0_0 .net/s "delayed_imag", 32 0, L_0xb610513b0;  alias, 1 drivers
v0xb6107af80_0 .net/s "delayed_real", 32 0, L_0xb61051340;  alias, 1 drivers
v0xb6107b020_0 .var/i "i", 31 0;
v0xb6107b0c0_0 .net/s "in_imag", 32 0, L_0xb60c55180;  1 drivers
v0xb6107b160_0 .net/s "in_real", 32 0, L_0xb60c550e0;  1 drivers
v0xb6107b200 .array/s "mem_imag", 3 0, 32 0;
v0xb6107b2a0 .array/s "mem_real", 3 0, 32 0;
v0xb6107b340_0 .net "nrst", 0 0, v0xb610ac3c0_0;  alias, 1 drivers
v0xb6107b3e0_0 .var "ptr", 1 0;
E_0xb60c02c00/0 .event negedge, v0xb6107b340_0;
E_0xb60c02c00/1 .event posedge, v0xb6107a3a0_0;
E_0xb60c02c00 .event/or E_0xb60c02c00/0, E_0xb60c02c00/1;
L_0xb610b0d20 .array/port v0xb6107b2a0, L_0xb60c54fa0;
L_0xb60c54fa0 .concat [ 2 2 0 0], v0xb6107b3e0_0, L_0xb608642e0;
L_0xb610b0dc0 .array/port v0xb6107b200, L_0xb60c55040;
L_0xb60c55040 .concat [ 2 2 0 0], v0xb6107b3e0_0, L_0xb60864328;
S_0x104997210 .scope module, "cmplx_mult_inst" "complex_multiply" 4 177, 7 1 0, S_0x104995c20;
 .timescale -9 -12;
    .port_info 0 /INPUT 1 "clk";
    .port_info 1 /INPUT 1 "rst_n";
    .port_info 2 /INPUT 16 "mul1_real";
    .port_info 3 /INPUT 16 "mul1_imag";
    .port_info 4 /INPUT 32 "mul2_real";
    .port_info 5 /INPUT 32 "mul2_imag";
    .port_info 6 /OUTPUT 32 "out_real";
    .port_info 7 /OUTPUT 32 "out_imag";
P_0xb60c68c80 .param/l "FFT_WIDTH" 0 7 2, +C4<00000000000000000000000000100000>;
P_0xb60c68cc0 .param/l "PROD_WIDTH" 1 7 17, +C4<000000000000000000000000000110000>;
P_0xb60c68d00 .param/l "SUM_WIDTH" 1 7 18, +C4<0000000000000000000000000000110001>;
P_0xb60c68d40 .param/l "TWIDDLE_WIDTH" 0 7 3, +C4<00000000000000000000000000010000>;
P_0xb60c68d80 .param/l "round_val" 1 7 22, +C4<0000000000000000000000000000000100000000000000>;
v0xb6107b480_0 .net *"_ivl_11", 48 0, L_0xb60c552c0;  1 drivers
v0xb6107b520_0 .net *"_ivl_15", 0 0, L_0xb610b0fa0;  1 drivers
v0xb6107b5c0_0 .net *"_ivl_16", 48 0, L_0xb60c55400;  1 drivers
v0xb6107b660_0 .net *"_ivl_18", 48 0, L_0xb60c55400;  alias, 1 drivers
v0xb6107b700_0 .net *"_ivl_20", 0 0, L_0xb610b1040;  1 drivers
v0xb6107b7a0_0 .net *"_ivl_21", 48 0, L_0xb60c554a0;  1 drivers
v0xb6107b840_0 .net *"_ivl_23", 48 0, L_0xb60c554a0;  alias, 1 drivers
v0xb6107b8e0_0 .net *"_ivl_3", 0 0, L_0xb610b0e60;  1 drivers
v0xb6107b980_0 .net *"_ivl_4", 48 0, L_0xb60c55220;  1 drivers
v0xb6107ba20_0 .net *"_ivl_6", 48 0, L_0xb60c55220;  alias, 1 drivers
v0xb6107bac0_0 .net *"_ivl_8", 0 0, L_0xb610b0f00;  1 drivers
v0xb6107bb60_0 .net *"_ivl_9", 48 0, L_0xb60c552c0;  alias, 1 drivers
v0xb6107bc00_0 .net "clk", 0 0, v0xb610ac000_0;  alias, 1 drivers
L_0xb60864370 .functor BUFT 1, C4<0>, C4<0>, C4<0>, C4<0>;
v0xb6107bca0_0 .net "done", 0 0, L_0xb60864370;  1 drivers
v0xb6107bd40_0 .net/s "imag_full", 48 0, L_0xb60c55540;  1 drivers
v0xb6107bde0_0 .net/s "mul1_imag", 15 0, v0xb610a8b40_0;  alias, 1 drivers
v0xb6107be80_0 .net/s "mul1_real", 15 0, v0xb610a8be0_0;  alias, 1 drivers
v0xb6107bf20_0 .net/s "mul2_imag", 31 0, L_0xb610b1180;  1 drivers
v0xb610a8000_0 .net/s "mul2_real", 31 0, L_0xb610b10e0;  1 drivers
v0xb610a80a0_0 .var/s "out_imag", 31 0;
v0xb610a8140_0 .var/s "out_real", 31 0;
v0xb610a81e0_0 .var/s "pii", 47 0;
v0xb610a8280_0 .var/s "pir", 47 0;
v0xb610a8320_0 .var/s "pri", 47 0;
v0xb610a83c0_0 .var/s "prr", 47 0;
v0xb610a8460_0 .net/s "real_full", 48 0, L_0xb60c55360;  1 drivers
v0xb610a8500_0 .net "rst_n", 0 0, v0xb610ac3c0_0;  alias, 1 drivers
L_0xb610b0e60 .part v0xb610a83c0_0, 47, 1;
L_0xb60c55220 .concat [ 48 1 0 0], v0xb610a83c0_0, L_0xb610b0e60;
L_0xb610b0f00 .part v0xb610a81e0_0, 47, 1;
L_0xb60c552c0 .concat [ 48 1 0 0], v0xb610a81e0_0, L_0xb610b0f00;
L_0xb60c55360 .arith/sub 49, L_0xb60c55220, L_0xb60c552c0;
L_0xb610b0fa0 .part v0xb610a8320_0, 47, 1;
L_0xb60c55400 .concat [ 48 1 0 0], v0xb610a8320_0, L_0xb610b0fa0;
L_0xb610b1040 .part v0xb610a8280_0, 47, 1;
L_0xb60c554a0 .concat [ 48 1 0 0], v0xb610a8280_0, L_0xb610b1040;
L_0xb60c55540 .arith/sum 49, L_0xb60c55400, L_0xb60c554a0;
S_0x104997390 .scope module, "twiddle_inst" "twiddle_factors" 4 165, 8 1 0, S_0x104995c20;
 .timescale -9 -12;
    .port_info 0 /INPUT 1 "clk";
    .port_info 1 /INPUT 1 "rst_n";
    .port_info 2 /INPUT 1 "done";
    .port_info 3 /INPUT 3 "angle_idx";
    .port_info 4 /OUTPUT 16 "twiddle_real";
    .port_info 5 /OUTPUT 16 "twiddle_imag";
P_0x10499d700 .param/l "QUARTER_WIDTH" 1 8 15, +C4<00000000000000000000000000000100>;
P_0x10499d740 .param/l "SIZE" 1 8 14, +C4<00000000000000000000000000000100>;
P_0x10499d780 .param/l "TWIDDLE_WIDTH" 0 8 3, +C4<00000000000000000000000000010000>;
P_0x10499d7c0 .param/l "WIDTH" 0 8 2, +C4<00000000000000000000000000010000>;
v0xb610a85a0_0 .net "angle_idx", 2 0, L_0xb610b0500;  alias, 1 drivers
v0xb610a8640_0 .net "clk", 0 0, v0xb610ac000_0;  alias, 1 drivers
v0xb610a86e0_0 .net "done", 0 0, L_0xb60864010;  alias, 1 drivers
v0xb610a8780_0 .var/s "raw_i", 15 0;
v0xb610a8820_0 .var/s "raw_r", 15 0;
v0xb610a88c0 .array/s "rom_imag", 3 0, 15 0;
v0xb610a8960 .array/s "rom_real", 3 0, 15 0;
v0xb610a8a00_0 .net "rst_n", 0 0, v0xb610ac3c0_0;  alias, 1 drivers
v0xb610a8aa0_0 .var "swap_flag", 0 0;
v0xb610a8b40_0 .var/s "twiddle_imag", 15 0;
v0xb610a8be0_0 .var/s "twiddle_real", 15 0;
    .scope S_0x10498cc80;
T_0 ;
    %wait E_0xb60c02c00;
    %load/vec4 v0xb6107b340_0;
    %nor/r;
    %flag_set/vec4 8;
    %jmp/0xz  T_0.0, 8;
    %pushi/vec4 0, 0, 2;
    %assign/vec4 v0xb6107b3e0_0, 0;
    %pushi/vec4 0, 0, 32;
    %store/vec4 v0xb6107b020_0, 0, 32;
T_0.2 ; Top of for-loop
    %load/vec4 v0xb6107b020_0;
    %pad/s 34;
    %cmpi/s 4, 0, 34;
	  %jmp/0xz T_0.3, 5;
    %pushi/vec4 0, 0, 33;
    %ix/getv/s 3, v0xb6107b020_0;
    %ix/load 4, 0, 0; Constant delay
    %assign/vec4/a/d v0xb6107b2a0, 0, 4;
    %pushi/vec4 0, 0, 33;
    %ix/getv/s 3, v0xb6107b020_0;
    %ix/load 4, 0, 0; Constant delay
    %assign/vec4/a/d v0xb6107b200, 0, 4;
T_0.4 ; for-loop step statement
    %load/vec4 v0xb6107b020_0;
    %addi 1, 0, 32;
    %store/vec4 v0xb6107b020_0, 0, 32;
    %jmp T_0.2;
T_0.3 ; for-loop exit label
    %jmp T_0.1;
T_0.0 ;
    %load/vec4 v0xb6107b160_0;
    %load/vec4 v0xb6107b3e0_0;
    %pad/u 4;
    %ix/vec4 3;
    %ix/load 4, 0, 0; Constant delay
    %assign/vec4/a/d v0xb6107b2a0, 0, 4;
    %load/vec4 v0xb6107b0c0_0;
    %load/vec4 v0xb6107b3e0_0;
    %pad/u 4;
    %ix/vec4 3;
    %ix/load 4, 0, 0; Constant delay
    %assign/vec4/a/d v0xb6107b200, 0, 4;
    %load/vec4 v0xb6107b3e0_0;
    %addi 1, 0, 2;
    %assign/vec4 v0xb6107b3e0_0, 0;
T_0.1 ;
    %jmp T_0;
    .thread T_0;
    .scope S_0x10498cb00;
T_1 ;
    %wait E_0xb60c02b00;
    %load/vec4 v0xb6107a580_0;
    %assign/vec4 v0xb6107ac60_0, 0;
    %load/vec4 v0xb6107a4e0_0;
    %assign/vec4 v0xb6107abc0_0, 0;
    %load/vec4 v0xb6107a940_0;
    %assign/vec4 v0xb6107ada0_0, 0;
    %load/vec4 v0xb6107a620_0;
    %assign/vec4 v0xb6107ad00_0, 0;
    %jmp T_1;
    .thread T_1;
    .scope S_0x10498cb00;
T_2 ;
    %wait E_0xb60c02b00;
    %load/vec4 v0xb6107ac60_0;
    %pad/s 34;
    %load/vec4 v0xb6107ada0_0;
    %pad/s 34;
    %add;
    %assign/vec4 v0xb6107aa80_0, 0;
    %load/vec4 v0xb6107abc0_0;
    %pad/s 34;
    %load/vec4 v0xb6107ad00_0;
    %pad/s 34;
    %add;
    %assign/vec4 v0xb6107a9e0_0, 0;
    %load/vec4 v0xb6107ac60_0;
    %pad/s 34;
    %load/vec4 v0xb6107ada0_0;
    %pad/s 34;
    %sub;
    %assign/vec4 v0xb61079cc0_0, 0;
    %load/vec4 v0xb6107abc0_0;
    %pad/s 34;
    %load/vec4 v0xb6107ad00_0;
    %pad/s 34;
    %sub;
    %assign/vec4 v0xb61079c20_0, 0;
    %jmp T_2;
    .thread T_2;
    .scope S_0x104997390;
T_3 ;
    %vpi_call/w 8 24 "$readmemh", "data/fft/twiddles_real.hex", v0xb610a8960 {0 0 0};
    %vpi_call/w 8 25 "$readmemh", "data/fft/twiddles_imag.hex", v0xb610a88c0 {0 0 0};
    %end;
    .thread T_3;
    .scope S_0x104997390;
T_4 ;
    %wait E_0xb60c02b00;
    %load/vec4 v0xb610a85a0_0;
    %parti/s 2, 0, 2;
    %pad/u 4;
    %ix/vec4 4;
    %load/vec4a v0xb610a8960, 4;
    %assign/vec4 v0xb610a8820_0, 0;
    %load/vec4 v0xb610a85a0_0;
    %parti/s 2, 0, 2;
    %pad/u 4;
    %ix/vec4 4;
    %load/vec4a v0xb610a88c0, 4;
    %assign/vec4 v0xb610a8780_0, 0;
    %load/vec4 v0xb610a85a0_0;
    %parti/s 1, 2, 3;
    %assign/vec4 v0xb610a8aa0_0, 0;
    %jmp T_4;
    .thread T_4;
    .scope S_0x104997390;
T_5 ;
    %wait E_0xb60c02c00;
    %load/vec4 v0xb610a8a00_0;
    %nor/r;
    %flag_set/vec4 8;
    %jmp/0xz  T_5.0, 8;
    %pushi/vec4 0, 0, 16;
    %assign/vec4 v0xb610a8be0_0, 0;
    %pushi/vec4 0, 0, 16;
    %assign/vec4 v0xb610a8b40_0, 0;
    %jmp T_5.1;
T_5.0 ;
    %load/vec4 v0xb610a86e0_0;
    %flag_set/vec4 8;
    %jmp/0xz  T_5.2, 8;
    %load/vec4 v0xb610a8aa0_0;
    %flag_set/vec4 8;
    %jmp/0xz  T_5.4, 8;
    %load/vec4 v0xb610a8780_0;
    %assign/vec4 v0xb610a8be0_0, 0;
    %load/vec4 v0xb610a8820_0;
    %inv;
    %addi 1, 0, 16;
    %assign/vec4 v0xb610a8b40_0, 0;
    %jmp T_5.5;
T_5.4 ;
    %load/vec4 v0xb610a8820_0;
    %assign/vec4 v0xb610a8be0_0, 0;
    %load/vec4 v0xb610a8780_0;
    %assign/vec4 v0xb610a8b40_0, 0;
T_5.5 ;
T_5.2 ;
T_5.1 ;
    %jmp T_5;
    .thread T_5;
    .scope S_0x104997210;
T_6 ;
    %wait E_0xb60c02c00;
    %load/vec4 v0xb610a8500_0;
    %nor/r;
    %flag_set/vec4 8;
    %jmp/0xz  T_6.0, 8;
    %pushi/vec4 0, 0, 48;
    %assign/vec4 v0xb610a83c0_0, 0;
    %pushi/vec4 0, 0, 48;
    %assign/vec4 v0xb610a81e0_0, 0;
    %pushi/vec4 0, 0, 48;
    %assign/vec4 v0xb610a8320_0, 0;
    %pushi/vec4 0, 0, 48;
    %assign/vec4 v0xb610a8280_0, 0;
    %jmp T_6.1;
T_6.0 ;
    %load/vec4 v0xb6107be80_0;
    %pad/s 48;
    %load/vec4 v0xb610a8000_0;
    %pad/s 48;
    %mul;
    %assign/vec4 v0xb610a83c0_0, 0;
    %load/vec4 v0xb6107bde0_0;
    %pad/s 48;
    %load/vec4 v0xb6107bf20_0;
    %pad/s 48;
    %mul;
    %assign/vec4 v0xb610a81e0_0, 0;
    %load/vec4 v0xb6107be80_0;
    %pad/s 48;
    %load/vec4 v0xb6107bf20_0;
    %pad/s 48;
    %mul;
    %assign/vec4 v0xb610a8320_0, 0;
    %load/vec4 v0xb6107bde0_0;
    %pad/s 48;
    %load/vec4 v0xb610a8000_0;
    %pad/s 48;
    %mul;
    %assign/vec4 v0xb610a8280_0, 0;
T_6.1 ;
    %jmp T_6;
    .thread T_6;
    .scope S_0x104997210;
T_7 ;
    %wait E_0xb60c02c00;
    %load/vec4 v0xb610a8500_0;
    %nor/r;
    %flag_set/vec4 8;
    %jmp/0xz  T_7.0, 8;
    %pushi/vec4 0, 0, 32;
    %assign/vec4 v0xb610a8140_0, 0;
    %pushi/vec4 0, 0, 32;
    %assign/vec4 v0xb610a80a0_0, 0;
    %jmp T_7.1;
T_7.0 ;
    %load/vec4 v0xb610a8460_0;
    %addi 16384, 0, 49;
    %ix/load 4, 15, 0;
    %flag_set/imm 4, 0;
    %shiftr/s 4;
    %pad/s 32;
    %assign/vec4 v0xb610a8140_0, 0;
    %load/vec4 v0xb6107bd40_0;
    %addi 16384, 0, 49;
    %ix/load 4, 15, 0;
    %flag_set/imm 4, 0;
    %shiftr/s 4;
    %pad/s 32;
    %assign/vec4 v0xb610a80a0_0, 0;
T_7.1 ;
    %jmp T_7;
    .thread T_7;
    .scope S_0x104995c20;
T_8 ;
    %wait E_0xb60c02c00;
    %load/vec4 v0xb610ab8e0_0;
    %nor/r;
    %flag_set/vec4 8;
    %jmp/0xz  T_8.0, 8;
    %pushi/vec4 0, 0, 4;
    %assign/vec4 v0xb610ab200_0, 0;
    %pushi/vec4 0, 0, 1;
    %assign/vec4 v0xb610aaa80_0, 0;
    %jmp T_8.1;
T_8.0 ;
    %load/vec4 v0xb610ab200_0;
    %pad/u 34;
    %cmpi/u 4, 0, 34;
    %jmp/0xz  T_8.2, 5;
    %load/vec4 v0xb610ab200_0;
    %addi 1, 0, 4;
    %assign/vec4 v0xb610ab200_0, 0;
    %pushi/vec4 0, 0, 1;
    %assign/vec4 v0xb610aaa80_0, 0;
    %jmp T_8.3;
T_8.2 ;
    %pushi/vec4 1, 0, 1;
    %assign/vec4 v0xb610aaa80_0, 0;
T_8.3 ;
T_8.1 ;
    %jmp T_8;
    .thread T_8;
    .scope S_0x104995c20;
T_9 ;
    %wait E_0xb60c02c00;
    %load/vec4 v0xb610ab8e0_0;
    %nor/r;
    %flag_set/vec4 8;
    %jmp/0xz  T_9.0, 8;
    %pushi/vec4 0, 0, 1;
    %assign/vec4 v0xb610abc00_0, 0;
    %pushi/vec4 0, 0, 1;
    %assign/vec4 v0xb610abca0_0, 0;
    %pushi/vec4 0, 0, 1;
    %assign/vec4 v0xb610abd40_0, 0;
    %pushi/vec4 0, 0, 1;
    %assign/vec4 v0xb610abde0_0, 0;
    %jmp T_9.1;
T_9.0 ;
    %load/vec4 v0xb610abb60_0;
    %assign/vec4 v0xb610abc00_0, 0;
    %load/vec4 v0xb610abc00_0;
    %assign/vec4 v0xb610abca0_0, 0;
    %load/vec4 v0xb610abca0_0;
    %assign/vec4 v0xb610abd40_0, 0;
    %load/vec4 v0xb610abd40_0;
    %assign/vec4 v0xb610abde0_0, 0;
T_9.1 ;
    %jmp T_9;
    .thread T_9;
    .scope S_0x104995c20;
T_10 ;
    %wait E_0xb60c02c00;
    %load/vec4 v0xb610ab8e0_0;
    %nor/r;
    %flag_set/vec4 8;
    %jmp/0xz  T_10.0, 8;
    %pushi/vec4 0, 0, 33;
    %assign/vec4 v0xb610aa8a0_0, 0;
    %pushi/vec4 0, 0, 33;
    %assign/vec4 v0xb610aa940_0, 0;
    %pushi/vec4 0, 0, 33;
    %assign/vec4 v0xb610aa6c0_0, 0;
    %pushi/vec4 0, 0, 33;
    %assign/vec4 v0xb610aa760_0, 0;
    %jmp T_10.1;
T_10.0 ;
    %load/vec4 v0xb610aa800_0;
    %assign/vec4 v0xb610aa8a0_0, 0;
    %load/vec4 v0xb610aa8a0_0;
    %assign/vec4 v0xb610aa940_0, 0;
    %load/vec4 v0xb610aa620_0;
    %assign/vec4 v0xb610aa6c0_0, 0;
    %load/vec4 v0xb610aa6c0_0;
    %assign/vec4 v0xb610aa760_0, 0;
T_10.1 ;
    %jmp T_10;
    .thread T_10;
    .scope S_0x104995c20;
T_11 ;
    %pushi/vec4 1, 0, 1;
    %store/vec4 v0xb610aaee0_0, 0, 1;
    %wait E_0xb60c02a80;
    %pushi/vec4 0, 0, 1;
    %store/vec4 v0xb610aaee0_0, 0, 1;
    %pushi/vec4 2, 0, 32;
T_11.0 %dup/vec4;
    %cmpi/s 0, 0, 32;
    %jmp/1xz T_11.1, 5;
    %jmp/1 T_11.1, 4;
    %subi 1, 0, 32;
    %wait E_0xb60c02a80;
    %jmp T_11.0;
T_11.1 ;
    %pop/vec4 1;
    %pushi/vec4 1, 0, 1;
    %store/vec4 v0xb610aaee0_0, 0, 1;
    %end;
    .thread T_11;
    .scope S_0x10499be20;
T_12 ;
    %pushi/vec4 0, 0, 1;
    %store/vec4 v0xb610ac000_0, 0, 1;
T_12.0 ;
    %delay 5000, 0;
    %load/vec4 v0xb610ac000_0;
    %inv;
    %store/vec4 v0xb610ac000_0, 0, 1;
    %jmp T_12.0;
T_12.1 ;
    %end;
    .thread T_12;
    .scope S_0x10499be20;
T_13 ;
    %vpi_call/w 3 61 "$dumpfile", "stage_tb.vcd" {0 0 0};
    %vpi_call/w 3 62 "$dumpvars", 32'sb00000000000000000000000000000000, S_0x10499be20 {0 0 0};
    %vpi_call/w 3 63 "$display", "Dumping waveforms to stage_tb.vcd...\012" {0 0 0};
    %end;
    .thread T_13;
    .scope S_0x10499be20;
T_14 ;
    %wait E_0xb60c02b00;
    %load/vec4 v0xb610ac3c0_0;
    %flag_set/vec4 8;
    %jmp/0xz  T_14.0, 8;
    %load/vec4 v0xb610ac1e0_0;
    %cvt/rv/s;
    %pushi/real 1073741824, 4081; load=32768.0
    %div/wr;
    %load/vec4 v0xb610ac140_0;
    %cvt/rv/s;
    %pushi/real 1073741824, 4081; load=32768.0
    %div/wr;
    %load/vec4 v0xb610ac320_0;
    %cvt/rv/s;
    %pushi/real 1073741824, 4081; load=32768.0
    %div/wr;
    %load/vec4 v0xb610ac280_0;
    %cvt/rv/s;
    %pushi/real 1073741824, 4081; load=32768.0
    %div/wr;
    %vpi_call/w 3 72 "$display", "Time: %0t | count: %2d | In: (%8f, %8f) | Out: (%8f, %8f)", $time, v0xb610ac460_0, W<3,r>, W<2,r>, W<1,r>, W<0,r> {0 4 0};
T_14.0 ;
    %jmp T_14;
    .thread T_14;
    .scope S_0x10499be20;
T_15 ;
    %pushi/vec4 0, 0, 1;
    %store/vec4 v0xb610ac3c0_0, 0, 1;
    %pushi/vec4 0, 0, 32;
    %store/vec4 v0xb610ac1e0_0, 0, 32;
    %pushi/vec4 0, 0, 32;
    %store/vec4 v0xb610ac140_0, 0, 32;
    %pushi/vec4 0, 0, 4;
    %store/vec4 v0xb610ac460_0, 0, 4;
    %pushi/vec4 5, 0, 32;
T_15.0 %dup/vec4;
    %cmpi/s 0, 0, 32;
    %jmp/1xz T_15.1, 5;
    %jmp/1 T_15.1, 4;
    %subi 1, 0, 32;
    %wait E_0xb60c02b00;
    %jmp T_15.0;
T_15.1 ;
    %pop/vec4 1;
    %delay 1000, 0;
    %pushi/vec4 1, 0, 1;
    %store/vec4 v0xb610ac3c0_0, 0, 1;
    %vpi_call/w 3 100 "$display", "--- Starting Stage 1 Pipeline Test ---" {0 0 0};
    %pushi/vec4 0, 0, 32;
    %store/vec4 v0xb610ac0a0_0, 0, 32;
T_15.2 ; Top of for-loop
    %load/vec4 v0xb610ac0a0_0;
    %cmpi/s 16, 0, 32;
	  %jmp/0xz T_15.3, 5;
    %load/vec4 v0xb610ac0a0_0;
    %ix/load 4, 15, 0;
    %flag_set/imm 4, 0;
    %shiftl 4;
    %assign/vec4 v0xb610ac1e0_0, 0;
    %pushi/vec4 0, 0, 32;
    %assign/vec4 v0xb610ac140_0, 0;
    %load/vec4 v0xb610ac0a0_0;
    %pad/s 4;
    %assign/vec4 v0xb610ac460_0, 0;
    %wait E_0xb60c02b00;
T_15.4 ; for-loop step statement
    %load/vec4 v0xb610ac0a0_0;
    %addi 1, 0, 32;
    %store/vec4 v0xb610ac0a0_0, 0, 32;
    %jmp T_15.2;
T_15.3 ; for-loop exit label
    %pushi/vec4 20, 0, 32;
T_15.5 %dup/vec4;
    %cmpi/s 0, 0, 32;
    %jmp/1xz T_15.6, 5;
    %jmp/1 T_15.6, 4;
    %subi 1, 0, 32;
    %pushi/vec4 0, 0, 32;
    %assign/vec4 v0xb610ac1e0_0, 0;
    %pushi/vec4 0, 0, 32;
    %assign/vec4 v0xb610ac140_0, 0;
    %load/vec4 v0xb610ac460_0;
    %pad/u 32;
    %addi 1, 0, 32;
    %pushi/vec4 16, 0, 32;
    %mod;
    %pad/u 4;
    %assign/vec4 v0xb610ac460_0, 0;
    %wait E_0xb60c02b00;
    %jmp T_15.5;
T_15.6 ;
    %pop/vec4 1;
    %vpi_call/w 3 126 "$display", "--- Test Complete ---" {0 0 0};
    %vpi_call/w 3 127 "$finish" {0 0 0};
    %end;
    .thread T_15;
# The file index is used to find the file name in the following table.
:file_names 9;
    "N/A";
    "<interactive>";
    "-";
    "tesbench.v";
    "stage.v";
    "./add_sub.v";
    "./buffers.v";
    "./complex_multiply.v";
    "./twiddle_fetch.v";
